# JRE version: OpenJDK Runtime Environment (8.0_242-b01) (build 1.8.0_242-release-1644-b01)
# Java VM: OpenJDK 64-Bit Server VM (25.242-b01 mixed mode windows-amd64 compressed oops)
Heap:
 PSYoungGen      total 280064K, used 40409K [0x00000000d5580000, 0x00000000e8880000, 0x0000000100000000)
  eden space 248832K, 6% used [0x00000000d5580000,0x00000000d664cf28,0x00000000e4880000)
  from space 31232K, 74% used [0x00000000e6880000,0x00000000e7f29590,0x00000000e8700000)
  to   space 32768K, 0% used [0x00000000e4880000,0x00000000e4880000,0x00000000e6880000)
 ParOldGen       total 218624K, used 61731K [0x0000000080000000, 0x000000008d580000, 0x00000000d5580000)
  object space 218624K, 28% used [0x0000000080000000,0x0000000083c48df0,0x000000008d580000)
 Metaspace       used 83085K, capacity 87306K, committed 87448K, reserved 1124352K
  class space    used 11090K, capacity 11849K, committed 11944K, reserved 1048576K
GC Heap History (10 events):
Event: 7.491 GC heap before
{Heap before GC invocations=13 (full 3):
 PSYoungGen      total 210432K, used 17896K [0x00000000d5580000, 0x00000000e5d00000, 0x0000000100000000)
  eden space 192512K, 0% used [0x00000000d5580000,0x00000000d5580000,0x00000000e1180000)
  from space 17920K, 99% used [0x00000000e2580000,0x00000000e36fa030,0x00000000e3700000)
  to   space 20480K, 0% used [0x00000000e1180000,0x00000000e1180000,0x00000000e2580000)
 ParOldGen       total 144384K, used 28695K [0x0000000080000000, 0x0000000088d00000, 0x00000000d5580000)
  object space 144384K, 19% used [0x0000000080000000,0x0000000081c05c70,0x0000000088d00000)
 Metaspace       used 56798K, capacity 59056K, committed 59160K, reserved 1099776K
  class space    used 7682K, capacity 8159K, committed 8232K, reserved 1048576K
Event: 7.738 GC heap after
Heap after GC invocations=13 (full 3):
 PSYoungGen      total 210432K, used 0K [0x00000000d5580000, 0x00000000e5d00000, 0x0000000100000000)
  eden space 192512K, 0% used [0x00000000d5580000,0x00000000d5580000,0x00000000e1180000)
  from space 17920K, 0% used [0x00000000e2580000,0x00000000e2580000,0x00000000e3700000)
  to   space 20480K, 0% used [0x00000000e1180000,0x00000000e1180000,0x00000000e2580000)
 ParOldGen       total 218624K, used 33449K [0x0000000080000000, 0x000000008d580000, 0x00000000d5580000)
  object space 218624K, 15% used [0x0000000080000000,0x00000000820aa7e8,0x000000008d580000)
 Metaspace       used 56759K, capacity 58924K, committed 59160K, reserved 1099776K
  class space    used 7670K, capacity 8137K, committed 8232K, reserved 1048576K
}
Event: 10.416 GC heap before
{Heap before GC invocations=14 (full 3):
 PSYoungGen      total 210432K, used 192512K [0x00000000d5580000, 0x00000000e5d00000, 0x0000000100000000)
  eden space 192512K, 100% used [0x00000000d5580000,0x00000000e1180000,0x00000000e1180000)
  from space 17920K, 0% used [0x00000000e2580000,0x00000000e2580000,0x00000000e3700000)
  to   space 20480K, 0% used [0x00000000e1180000,0x00000000e1180000,0x00000000e2580000)
 ParOldGen       total 218624K, used 33449K [0x0000000080000000, 0x000000008d580000, 0x00000000d5580000)
  object space 218624K, 15% used [0x0000000080000000,0x00000000820aa7e8,0x000000008d580000)
 Metaspace       used 62727K, capacity 65124K, committed 65176K, reserved 1105920K
  class space    used 8590K, capacity 9093K, committed 9128K, reserved 1048576K
Event: 10.421 GC heap after
Heap after GC invocations=14 (full 3):
 PSYoungGen      total 212992K, used 8447K [0x00000000d5580000, 0x00000000e5900000, 0x0000000100000000)
  eden space 192512K, 0% used [0x00000000d5580000,0x00000000d5580000,0x00000000e1180000)
  from space 20480K, 41% used [0x00000000e1180000,0x00000000e19bff48,0x00000000e2580000)
  to   space 19968K, 0% used [0x00000000e4580000,0x00000000e4580000,0x00000000e5900000)
 ParOldGen       total 218624K, used 33457K [0x0000000080000000, 0x000000008d580000, 0x00000000d5580000)
  object space 218624K, 15% used [0x0000000080000000,0x00000000820ac7e8,0x000000008d580000)
 Metaspace       used 62727K, capacity 65124K, committed 65176K, reserved 1105920K
  class space    used 8590K, capacity 9093K, committed 9128K, reserved 1048576K
}
Event: 12.074 GC heap before
{Heap before GC invocations=15 (full 3):
 PSYoungGen      total 212992K, used 200959K [0x00000000d5580000, 0x00000000e5900000, 0x0000000100000000)
  eden space 192512K, 100% used [0x00000000d5580000,0x00000000e1180000,0x00000000e1180000)
  from space 20480K, 41% used [0x00000000e1180000,0x00000000e19bff48,0x00000000e2580000)
  to   space 19968K, 0% used [0x00000000e4580000,0x00000000e4580000,0x00000000e5900000)
 ParOldGen       total 218624K, used 33457K [0x0000000080000000, 0x000000008d580000, 0x00000000d5580000)
  object space 218624K, 15% used [0x0000000080000000,0x00000000820ac7e8,0x000000008d580000)
 Metaspace       used 69492K, capacity 72668K, committed 72856K, reserved 1112064K
  class space    used 9531K, capacity 10143K, committed 10152K, reserved 1048576K
Event: 12.087 GC heap after
Heap after GC invocations=15 (full 3):
 PSYoungGen      total 242688K, used 19949K [0x00000000d5580000, 0x00000000e5b00000, 0x0000000100000000)
  eden space 222720K, 0% used [0x00000000d5580000,0x00000000d5580000,0x00000000e2f00000)
  from space 19968K, 99% used [0x00000000e4580000,0x00000000e58fb4c0,0x00000000e5900000)
  to   space 22528K, 0% used [0x00000000e2f00000,0x00000000e2f00000,0x00000000e4500000)
 ParOldGen       total 218624K, used 33656K [0x0000000080000000, 0x000000008d580000, 0x00000000d5580000)
  object space 218624K, 15% used [0x0000000080000000,0x00000000820de010,0x000000008d580000)
 Metaspace       used 69492K, capacity 72668K, committed 72856K, reserved 1112064K
  class space    used 9531K, capacity 10143K, committed 10152K, reserved 1048576K
}
Event: 1058.920 GC heap before
{Heap before GC invocations=16 (full 3):
 PSYoungGen      total 242688K, used 242669K [0x00000000d5580000, 0x00000000e5b00000, 0x0000000100000000)
  eden space 222720K, 100% used [0x00000000d5580000,0x00000000e2f00000,0x00000000e2f00000)
  from space 19968K, 99% used [0x00000000e4580000,0x00000000e58fb4c0,0x00000000e5900000)
  to   space 22528K, 0% used [0x00000000e2f00000,0x00000000e2f00000,0x00000000e4500000)
 ParOldGen       total 218624K, used 33656K [0x0000000080000000, 0x000000008d580000, 0x00000000d5580000)
  object space 218624K, 15% used [0x0000000080000000,0x00000000820de010,0x000000008d580000)
 Metaspace       used 77518K, capacity 81136K, committed 81432K, reserved 1120256K
  class space    used 10344K, capacity 10997K, committed 11048K, reserved 1048576K
Event: 1058.944 GC heap after
Heap after GC invocations=16 (full 3):
 PSYoungGen      total 245248K, used 22509K [0x00000000d5580000, 0x00000000e8700000, 0x0000000100000000)
  eden space 222720K, 0% used [0x00000000d5580000,0x00000000d5580000,0x00000000e2f00000)
  from space 22528K, 99% used [0x00000000e2f00000,0x00000000e44fb520,0x00000000e4500000)
  to   space 31232K, 0% used [0x00000000e6880000,0x00000000e6880000,0x00000000e8700000)
 ParOldGen       total 218624K, used 49390K [0x0000000080000000, 0x000000008d580000, 0x00000000d5580000)
  object space 218624K, 22% used [0x0000000080000000,0x000000008303b8b8,0x000000008d580000)
 Metaspace       used 77518K, capacity 81136K, committed 81432K, reserved 1120256K
  class space    used 10344K, capacity 10997K, committed 11048K, reserved 1048576K
}
Event: 1062.637 GC heap before
{Heap before GC invocations=17 (full 3):
 PSYoungGen      total 245248K, used 245229K [0x00000000d5580000, 0x00000000e8700000, 0x0000000100000000)
  eden space 222720K, 100% used [0x00000000d5580000,0x00000000e2f00000,0x00000000e2f00000)
  from space 22528K, 99% used [0x00000000e2f00000,0x00000000e44fb520,0x00000000e4500000)
  to   space 31232K, 0% used [0x00000000e6880000,0x00000000e6880000,0x00000000e8700000)
 ParOldGen       total 218624K, used 49390K [0x0000000080000000, 0x000000008d580000, 0x00000000d5580000)
  object space 218624K, 22% used [0x0000000080000000,0x000000008303b8b8,0x000000008d580000)
 Metaspace       used 80933K, capacity 84862K, committed 85016K, reserved 1122304K
  class space    used 10764K, capacity 11459K, committed 11560K, reserved 1048576K
Event: 1062.665 GC heap after
Heap after GC invocations=17 (full 3):
 PSYoungGen      total 280064K, used 23205K [0x00000000d5580000, 0x00000000e8880000, 0x0000000100000000)
  eden space 248832K, 0% used [0x00000000d5580000,0x00000000d5580000,0x00000000e4880000)
  from space 31232K, 74% used [0x00000000e6880000,0x00000000e7f29590,0x00000000e8700000)
  to   space 32768K, 0% used [0x00000000e4880000,0x00000000e4880000,0x00000000e6880000)
 ParOldGen       total 218624K, used 61731K [0x0000000080000000, 0x000000008d580000, 0x00000000d5580000)
  object space 218624K, 28% used [0x0000000080000000,0x0000000083c48df0,0x000000008d580000)
 Metaspace       used 80933K, capacity 84862K, committed 85016K, reserved 1122304K
  class space    used 10764K, capacity 11459K, committed 11560K, reserved 1048576K
}

