# JRE version: OpenJDK Runtime Environment (8.0_242-b01) (build 1.8.0_242-release-1644-b01)
# Java VM: OpenJDK 64-Bit Server VM (25.242-b01 mixed mode windows-amd64 compressed oops)
Heap:
 PSYoungGen      total 276992K, used 42335K [0x00000000d5580000, 0x00000000e8500000, 0x0000000100000000)
  eden space 249344K, 8% used [0x00000000d5580000,0x00000000d6b23cb0,0x00000000e4900000)
  from space 27648K, 72% used [0x00000000e6a00000,0x00000000e7db41d0,0x00000000e8500000)
  to   space 30720K, 0% used [0x00000000e4900000,0x00000000e4900000,0x00000000e6700000)
 ParOldGen       total 219648K, used 58932K [0x0000000080000000, 0x000000008d680000, 0x00000000d5580000)
  object space 219648K, 26% used [0x0000000080000000,0x000000008398d270,0x000000008d680000)
 Metaspace       used 88406K, capacity 93372K, committed 93592K, reserved 1130496K
  class space    used 12058K, capacity 12956K, committed 12968K, reserved 1048576K
GC Heap History (10 events):
Event: 6.418 GC heap before
{Heap before GC invocations=13 (full 3):
 PSYoungGen      total 211456K, used 17405K [0x00000000d5580000, 0x00000000e5900000, 0x0000000100000000)
  eden space 194048K, 0% used [0x00000000d5580000,0x00000000d5580000,0x00000000e1300000)
  from space 17408K, 99% used [0x00000000e2700000,0x00000000e37ff7e8,0x00000000e3800000)
  to   space 20480K, 0% used [0x00000000e1300000,0x00000000e1300000,0x00000000e2700000)
 ParOldGen       total 144896K, used 29296K [0x0000000080000000, 0x0000000088d80000, 0x00000000d5580000)
  object space 144896K, 20% used [0x0000000080000000,0x0000000081c9c2d8,0x0000000088d80000)
 Metaspace       used 56811K, capacity 59076K, committed 59160K, reserved 1099776K
  class space    used 7683K, capacity 8163K, committed 8232K, reserved 1048576K
Event: 6.658 GC heap after
Heap after GC invocations=13 (full 3):
 PSYoungGen      total 211456K, used 0K [0x00000000d5580000, 0x00000000e5900000, 0x0000000100000000)
  eden space 194048K, 0% used [0x00000000d5580000,0x00000000d5580000,0x00000000e1300000)
  from space 17408K, 0% used [0x00000000e2700000,0x00000000e2700000,0x00000000e3800000)
  to   space 20480K, 0% used [0x00000000e1300000,0x00000000e1300000,0x00000000e2700000)
 ParOldGen       total 219648K, used 33441K [0x0000000080000000, 0x000000008d680000, 0x00000000d5580000)
  object space 219648K, 15% used [0x0000000080000000,0x00000000820a8628,0x000000008d680000)
 Metaspace       used 56765K, capacity 58920K, committed 59160K, reserved 1099776K
  class space    used 7669K, capacity 8137K, committed 8232K, reserved 1048576K
}
Event: 9.149 GC heap before
{Heap before GC invocations=14 (full 3):
 PSYoungGen      total 211456K, used 194048K [0x00000000d5580000, 0x00000000e5900000, 0x0000000100000000)
  eden space 194048K, 100% used [0x00000000d5580000,0x00000000e1300000,0x00000000e1300000)
  from space 17408K, 0% used [0x00000000e2700000,0x00000000e2700000,0x00000000e3800000)
  to   space 20480K, 0% used [0x00000000e1300000,0x00000000e1300000,0x00000000e2700000)
 ParOldGen       total 219648K, used 33441K [0x0000000080000000, 0x000000008d680000, 0x00000000d5580000)
  object space 219648K, 15% used [0x0000000080000000,0x00000000820a8628,0x000000008d680000)
 Metaspace       used 62869K, capacity 65324K, committed 65432K, reserved 1105920K
  class space    used 8613K, capacity 9095K, committed 9128K, reserved 1048576K
Event: 9.157 GC heap after
Heap after GC invocations=14 (full 3):
 PSYoungGen      total 214528K, used 8827K [0x00000000d5580000, 0x00000000e5b00000, 0x0000000100000000)
  eden space 194048K, 0% used [0x00000000d5580000,0x00000000d5580000,0x00000000e1300000)
  from space 20480K, 43% used [0x00000000e1300000,0x00000000e1b9ef90,0x00000000e2700000)
  to   space 19968K, 0% used [0x00000000e4780000,0x00000000e4780000,0x00000000e5b00000)
 ParOldGen       total 219648K, used 33449K [0x0000000080000000, 0x000000008d680000, 0x00000000d5580000)
  object space 219648K, 15% used [0x0000000080000000,0x00000000820aa628,0x000000008d680000)
 Metaspace       used 62869K, capacity 65324K, committed 65432K, reserved 1105920K
  class space    used 8613K, capacity 9095K, committed 9128K, reserved 1048576K
}
Event: 10.890 GC heap before
{Heap before GC invocations=15 (full 3):
 PSYoungGen      total 214528K, used 202875K [0x00000000d5580000, 0x00000000e5b00000, 0x0000000100000000)
  eden space 194048K, 100% used [0x00000000d5580000,0x00000000e1300000,0x00000000e1300000)
  from space 20480K, 43% used [0x00000000e1300000,0x00000000e1b9ef90,0x00000000e2700000)
  to   space 19968K, 0% used [0x00000000e4780000,0x00000000e4780000,0x00000000e5b00000)
 ParOldGen       total 219648K, used 33449K [0x0000000080000000, 0x000000008d680000, 0x00000000d5580000)
  object space 219648K, 15% used [0x0000000080000000,0x00000000820aa628,0x000000008d680000)
 Metaspace       used 69762K, capacity 73152K, committed 73496K, reserved 1112064K
  class space    used 9563K, capacity 10185K, committed 10280K, reserved 1048576K
Event: 10.905 GC heap after
Heap after GC invocations=15 (full 3):
 PSYoungGen      total 244736K, used 19941K [0x00000000d5580000, 0x00000000e5d00000, 0x0000000100000000)
  eden space 224768K, 0% used [0x00000000d5580000,0x00000000d5580000,0x00000000e3100000)
  from space 19968K, 99% used [0x00000000e4780000,0x00000000e5af94a0,0x00000000e5b00000)
  to   space 22528K, 0% used [0x00000000e3100000,0x00000000e3100000,0x00000000e4700000)
 ParOldGen       total 219648K, used 33987K [0x0000000080000000, 0x000000008d680000, 0x00000000d5580000)
  object space 219648K, 15% used [0x0000000080000000,0x0000000082130c98,0x000000008d680000)
 Metaspace       used 69762K, capacity 73152K, committed 73496K, reserved 1112064K
  class space    used 9563K, capacity 10185K, committed 10280K, reserved 1048576K
}
Event: 54.406 GC heap before
{Heap before GC invocations=16 (full 3):
 PSYoungGen      total 244736K, used 244709K [0x00000000d5580000, 0x00000000e5d00000, 0x0000000100000000)
  eden space 224768K, 100% used [0x00000000d5580000,0x00000000e3100000,0x00000000e3100000)
  from space 19968K, 99% used [0x00000000e4780000,0x00000000e5af94a0,0x00000000e5b00000)
  to   space 22528K, 0% used [0x00000000e3100000,0x00000000e3100000,0x00000000e4700000)
 ParOldGen       total 219648K, used 33987K [0x0000000080000000, 0x000000008d680000, 0x00000000d5580000)
  object space 219648K, 15% used [0x0000000080000000,0x0000000082130c98,0x000000008d680000)
 Metaspace       used 83270K, capacity 87878K, committed 87960K, reserved 1124352K
  class space    used 11366K, capacity 12194K, committed 12200K, reserved 1048576K
Event: 54.427 GC heap after
Heap after GC invocations=16 (full 3):
 PSYoungGen      total 247296K, used 22521K [0x00000000d5580000, 0x00000000e8700000, 0x0000000100000000)
  eden space 224768K, 0% used [0x00000000d5580000,0x00000000d5580000,0x00000000e3100000)
  from space 22528K, 99% used [0x00000000e3100000,0x00000000e46fe510,0x00000000e4700000)
  to   space 29696K, 0% used [0x00000000e6a00000,0x00000000e6a00000,0x00000000e8700000)
 ParOldGen       total 219648K, used 46318K [0x0000000080000000, 0x000000008d680000, 0x00000000d5580000)
  object space 219648K, 21% used [0x0000000080000000,0x0000000082d3bbc8,0x000000008d680000)
 Metaspace       used 83270K, capacity 87878K, committed 87960K, reserved 1124352K
  class space    used 11366K, capacity 12194K, committed 12200K, reserved 1048576K
}
Event: 64.136 GC heap before
{Heap before GC invocations=17 (full 3):
 PSYoungGen      total 247296K, used 247289K [0x00000000d5580000, 0x00000000e8700000, 0x0000000100000000)
  eden space 224768K, 100% used [0x00000000d5580000,0x00000000e3100000,0x00000000e3100000)
  from space 22528K, 99% used [0x00000000e3100000,0x00000000e46fe510,0x00000000e4700000)
  to   space 29696K, 0% used [0x00000000e6a00000,0x00000000e6a00000,0x00000000e8700000)
 ParOldGen       total 219648K, used 46318K [0x0000000080000000, 0x000000008d680000, 0x00000000d5580000)
  object space 219648K, 21% used [0x0000000080000000,0x0000000082d3bbc8,0x000000008d680000)
 Metaspace       used 86834K, capacity 91764K, committed 92056K, reserved 1128448K
  class space    used 11801K, capacity 12672K, committed 12712K, reserved 1048576K
Event: 64.162 GC heap after
Heap after GC invocations=17 (full 3):
 PSYoungGen      total 276992K, used 20176K [0x00000000d5580000, 0x00000000e8500000, 0x0000000100000000)
  eden space 249344K, 0% used [0x00000000d5580000,0x00000000d5580000,0x00000000e4900000)
  from space 27648K, 72% used [0x00000000e6a00000,0x00000000e7db41d0,0x00000000e8500000)
  to   space 30720K, 0% used [0x00000000e4900000,0x00000000e4900000,0x00000000e6700000)
 ParOldGen       total 219648K, used 58932K [0x0000000080000000, 0x000000008d680000, 0x00000000d5580000)
  object space 219648K, 26% used [0x0000000080000000,0x000000008398d270,0x000000008d680000)
 Metaspace       used 86834K, capacity 91764K, committed 92056K, reserved 1128448K
  class space    used 11801K, capacity 12672K, committed 12712K, reserved 1048576K
}

