# JRE version: OpenJDK Runtime Environment (8.0_242-b01) (build 1.8.0_242-release-1644-b01)
# Java VM: OpenJDK 64-Bit Server VM (25.242-b01 mixed mode windows-amd64 compressed oops)
Heap:
 PSYoungGen      total 267264K, used 262143K [0x00000000d5580000, 0x00000000ea000000, 0x0000000100000000)
  eden space 242688K, 97% used [0x00000000d5580000,0x00000000e3d811d8,0x00000000e4280000)
  from space 24576K, 99% used [0x00000000e4280000,0x00000000e5a7eba8,0x00000000e5a80000)
  to   space 32768K, 0% used [0x00000000e8000000,0x00000000e8000000,0x00000000ea000000)
 ParOldGen       total 205824K, used 49813K [0x0000000080000000, 0x000000008c900000, 0x00000000d5580000)
  object space 205824K, 24% used [0x0000000080000000,0x00000000830a5618,0x000000008c900000)
 Metaspace       used 90330K, capacity 95804K, committed 95960K, reserved 1132544K
  class space    used 12200K, capacity 13235K, committed 13272K, reserved 1048576K
GC Heap History (10 events):
Event: 7.898 GC heap before
{Heap before GC invocations=12 (full 2):
 PSYoungGen      total 206336K, used 97076K [0x00000000d5580000, 0x00000000e4900000, 0x0000000100000000)
  eden space 193536K, 43% used [0x00000000d5580000,0x00000000da7d1908,0x00000000e1280000)
  from space 12800K, 99% used [0x00000000e1280000,0x00000000e1efb710,0x00000000e1f00000)
  to   space 17920K, 0% used [0x00000000e3780000,0x00000000e3780000,0x00000000e4900000)
 ParOldGen       total 133120K, used 25017K [0x0000000080000000, 0x0000000088200000, 0x00000000d5580000)
  object space 133120K, 18% used [0x0000000080000000,0x000000008186e7e8,0x0000000088200000)
 Metaspace       used 56539K, capacity 58966K, committed 59096K, reserved 1099776K
  class space    used 7552K, capacity 8069K, committed 8152K, reserved 1048576K
Event: 7.919 GC heap after
Heap after GC invocations=12 (full 2):
 PSYoungGen      total 228352K, used 17908K [0x00000000d5580000, 0x00000000e7100000, 0x0000000100000000)
  eden space 210432K, 0% used [0x00000000d5580000,0x00000000d5580000,0x00000000e2300000)
  from space 17920K, 99% used [0x00000000e3780000,0x00000000e48fd3d0,0x00000000e4900000)
  to   space 20992K, 0% used [0x00000000e2300000,0x00000000e2300000,0x00000000e3780000)
 ParOldGen       total 133120K, used 27973K [0x0000000080000000, 0x0000000088200000, 0x00000000d5580000)
  object space 133120K, 21% used [0x0000000080000000,0x0000000081b51698,0x0000000088200000)
 Metaspace       used 56539K, capacity 58966K, committed 59096K, reserved 1099776K
  class space    used 7552K, capacity 8069K, committed 8152K, reserved 1048576K
}
Event: 7.919 GC heap before
{Heap before GC invocations=13 (full 3):
 PSYoungGen      total 228352K, used 17908K [0x00000000d5580000, 0x00000000e7100000, 0x0000000100000000)
  eden space 210432K, 0% used [0x00000000d5580000,0x00000000d5580000,0x00000000e2300000)
  from space 17920K, 99% used [0x00000000e3780000,0x00000000e48fd3d0,0x00000000e4900000)
  to   space 20992K, 0% used [0x00000000e2300000,0x00000000e2300000,0x00000000e3780000)
 ParOldGen       total 133120K, used 27973K [0x0000000080000000, 0x0000000088200000, 0x00000000d5580000)
  object space 133120K, 21% used [0x0000000080000000,0x0000000081b51698,0x0000000088200000)
 Metaspace       used 56539K, capacity 58966K, committed 59096K, reserved 1099776K
  class space    used 7552K, capacity 8069K, committed 8152K, reserved 1048576K
Event: 8.193 GC heap after
Heap after GC invocations=13 (full 3):
 PSYoungGen      total 228352K, used 0K [0x00000000d5580000, 0x00000000e7100000, 0x0000000100000000)
  eden space 210432K, 0% used [0x00000000d5580000,0x00000000d5580000,0x00000000e2300000)
  from space 17920K, 0% used [0x00000000e3780000,0x00000000e3780000,0x00000000e4900000)
  to   space 20992K, 0% used [0x00000000e2300000,0x00000000e2300000,0x00000000e3780000)
 ParOldGen       total 205824K, used 36241K [0x0000000080000000, 0x000000008c900000, 0x00000000d5580000)
  object space 205824K, 17% used [0x0000000080000000,0x00000000823646c0,0x000000008c900000)
 Metaspace       used 56490K, capacity 58798K, committed 59096K, reserved 1099776K
  class space    used 7536K, capacity 8041K, committed 8152K, reserved 1048576K
}
Event: 10.624 GC heap before
{Heap before GC invocations=14 (full 3):
 PSYoungGen      total 228352K, used 210432K [0x00000000d5580000, 0x00000000e7100000, 0x0000000100000000)
  eden space 210432K, 100% used [0x00000000d5580000,0x00000000e2300000,0x00000000e2300000)
  from space 17920K, 0% used [0x00000000e3780000,0x00000000e3780000,0x00000000e4900000)
  to   space 20992K, 0% used [0x00000000e2300000,0x00000000e2300000,0x00000000e3780000)
 ParOldGen       total 205824K, used 36241K [0x0000000080000000, 0x000000008c900000, 0x00000000d5580000)
  object space 205824K, 17% used [0x0000000080000000,0x00000000823646c0,0x000000008c900000)
 Metaspace       used 68618K, capacity 71596K, committed 71768K, reserved 1112064K
  class space    used 9393K, capacity 10011K, committed 10072K, reserved 1048576K
Event: 10.637 GC heap after
Heap after GC invocations=14 (full 3):
 PSYoungGen      total 231424K, used 19670K [0x00000000d5580000, 0x00000000e7580000, 0x0000000100000000)
  eden space 210432K, 0% used [0x00000000d5580000,0x00000000d5580000,0x00000000e2300000)
  from space 20992K, 93% used [0x00000000e2300000,0x00000000e3635aa8,0x00000000e3780000)
  to   space 23552K, 0% used [0x00000000e5e80000,0x00000000e5e80000,0x00000000e7580000)
 ParOldGen       total 205824K, used 36249K [0x0000000080000000, 0x000000008c900000, 0x00000000d5580000)
  object space 205824K, 17% used [0x0000000080000000,0x00000000823666c0,0x000000008c900000)
 Metaspace       used 68618K, capacity 71596K, committed 71768K, reserved 1112064K
  class space    used 9393K, capacity 10011K, committed 10072K, reserved 1048576K
}
Event: 13.012 GC heap before
{Heap before GC invocations=15 (full 3):
 PSYoungGen      total 231424K, used 230102K [0x00000000d5580000, 0x00000000e7580000, 0x0000000100000000)
  eden space 210432K, 100% used [0x00000000d5580000,0x00000000e2300000,0x00000000e2300000)
  from space 20992K, 93% used [0x00000000e2300000,0x00000000e3635aa8,0x00000000e3780000)
  to   space 23552K, 0% used [0x00000000e5e80000,0x00000000e5e80000,0x00000000e7580000)
 ParOldGen       total 205824K, used 36249K [0x0000000080000000, 0x000000008c900000, 0x00000000d5580000)
  object space 205824K, 17% used [0x0000000080000000,0x00000000823666c0,0x000000008c900000)
 Metaspace       used 73128K, capacity 77150K, committed 77272K, reserved 1116160K
  class space    used 10111K, capacity 10848K, committed 10968K, reserved 1048576K
Event: 13.024 GC heap after
Heap after GC invocations=15 (full 3):
 PSYoungGen      total 263168K, used 17817K [0x00000000d5580000, 0x00000000e7280000, 0x0000000100000000)
  eden space 242688K, 0% used [0x00000000d5580000,0x00000000d5580000,0x00000000e4280000)
  from space 20480K, 87% used [0x00000000e5e80000,0x00000000e6fe6690,0x00000000e7280000)
  to   space 24576K, 0% used [0x00000000e4280000,0x00000000e4280000,0x00000000e5a80000)
 ParOldGen       total 205824K, used 36257K [0x0000000080000000, 0x000000008c900000, 0x00000000d5580000)
  object space 205824K, 17% used [0x0000000080000000,0x00000000823686c0,0x000000008c900000)
 Metaspace       used 73128K, capacity 77150K, committed 77272K, reserved 1116160K
  class space    used 10111K, capacity 10848K, committed 10968K, reserved 1048576K
}
Event: 39.812 GC heap before
{Heap before GC invocations=16 (full 3):
 PSYoungGen      total 263168K, used 260505K [0x00000000d5580000, 0x00000000e7280000, 0x0000000100000000)
  eden space 242688K, 100% used [0x00000000d5580000,0x00000000e4280000,0x00000000e4280000)
  from space 20480K, 87% used [0x00000000e5e80000,0x00000000e6fe6690,0x00000000e7280000)
  to   space 24576K, 0% used [0x00000000e4280000,0x00000000e4280000,0x00000000e5a80000)
 ParOldGen       total 205824K, used 36257K [0x0000000080000000, 0x000000008c900000, 0x00000000d5580000)
  object space 205824K, 17% used [0x0000000080000000,0x00000000823686c0,0x000000008c900000)
 Metaspace       used 87603K, capacity 92536K, committed 92760K, reserved 1128448K
  class space    used 11841K, capacity 12805K, committed 12888K, reserved 1048576K
Event: 39.833 GC heap after
Heap after GC invocations=16 (full 3):
 PSYoungGen      total 267264K, used 24570K [0x00000000d5580000, 0x00000000ea000000, 0x0000000100000000)
  eden space 242688K, 0% used [0x00000000d5580000,0x00000000d5580000,0x00000000e4280000)
  from space 24576K, 99% used [0x00000000e4280000,0x00000000e5a7eba8,0x00000000e5a80000)
  to   space 32768K, 0% used [0x00000000e8000000,0x00000000e8000000,0x00000000ea000000)
 ParOldGen       total 205824K, used 49813K [0x0000000080000000, 0x000000008c900000, 0x00000000d5580000)
  object space 205824K, 24% used [0x0000000080000000,0x00000000830a5618,0x000000008c900000)
 Metaspace       used 87603K, capacity 92536K, committed 92760K, reserved 1128448K
  class space    used 11841K, capacity 12805K, committed 12888K, reserved 1048576K
}

