# JRE version: OpenJDK Runtime Environment (8.0_242-b01) (build 1.8.0_242-release-1644-b01)
# Java VM: OpenJDK 64-Bit Server VM (25.242-b01 mixed mode windows-amd64 compressed oops)
Heap:
 PSYoungGen      total 278016K, used 63508K [0x00000000d5580000, 0x00000000ea900000, 0x0000000100000000)
  eden space 241152K, 26% used [0x00000000d5580000,0x00000000d9385258,0x00000000e4100000)
  from space 36864K, 0% used [0x00000000e4100000,0x00000000e4100000,0x00000000e6500000)
  to   space 39936K, 0% used [0x00000000e8200000,0x00000000e8200000,0x00000000ea900000)
 ParOldGen       total 225280K, used 68350K [0x0000000080000000, 0x000000008dc00000, 0x00000000d5580000)
  object space 225280K, 30% used [0x0000000080000000,0x00000000842bf8b0,0x000000008dc00000)
 Metaspace       used 98573K, capacity 104128K, committed 104424K, reserved 1138688K
  class space    used 13480K, capacity 14552K, committed 14608K, reserved 1048576K
GC Heap History (10 events):
Event: 13.169 GC heap before
{Heap before GC invocations=15 (full 3):
 PSYoungGen      total 209920K, used 205862K [0x00000000d5580000, 0x00000000e5a00000, 0x0000000100000000)
  eden space 188416K, 100% used [0x00000000d5580000,0x00000000e0d80000,0x00000000e0d80000)
  from space 21504K, 81% used [0x00000000e0d80000,0x00000000e1e89990,0x00000000e2280000)
  to   space 23040K, 0% used [0x00000000e4380000,0x00000000e4380000,0x00000000e5a00000)
 ParOldGen       total 225280K, used 37231K [0x0000000080000000, 0x000000008dc00000, 0x00000000d5580000)
  object space 225280K, 16% used [0x0000000080000000,0x000000008245bfa0,0x000000008dc00000)
 Metaspace       used 73061K, capacity 77042K, committed 77144K, reserved 1116160K
  class space    used 10096K, capacity 10852K, committed 10880K, reserved 1048576K
Event: 13.182 GC heap after
Heap after GC invocations=15 (full 3):
 PSYoungGen      total 237568K, used 18018K [0x00000000d5580000, 0x00000000e5800000, 0x0000000100000000)
  eden space 216576K, 0% used [0x00000000d5580000,0x00000000d5580000,0x00000000e2900000)
  from space 20992K, 85% used [0x00000000e4380000,0x00000000e5518a40,0x00000000e5800000)
  to   space 24064K, 0% used [0x00000000e2900000,0x00000000e2900000,0x00000000e4080000)
 ParOldGen       total 225280K, used 37239K [0x0000000080000000, 0x000000008dc00000, 0x00000000d5580000)
  object space 225280K, 16% used [0x0000000080000000,0x000000008245dfa0,0x000000008dc00000)
 Metaspace       used 73061K, capacity 77042K, committed 77144K, reserved 1116160K
  class space    used 10096K, capacity 10852K, committed 10880K, reserved 1048576K
}
Event: 15.300 GC heap before
{Heap before GC invocations=16 (full 3):
 PSYoungGen      total 237568K, used 234594K [0x00000000d5580000, 0x00000000e5800000, 0x0000000100000000)
  eden space 216576K, 100% used [0x00000000d5580000,0x00000000e2900000,0x00000000e2900000)
  from space 20992K, 85% used [0x00000000e4380000,0x00000000e5518a40,0x00000000e5800000)
  to   space 24064K, 0% used [0x00000000e2900000,0x00000000e2900000,0x00000000e4080000)
 ParOldGen       total 225280K, used 37239K [0x0000000080000000, 0x000000008dc00000, 0x00000000d5580000)
  object space 225280K, 16% used [0x0000000080000000,0x000000008245dfa0,0x000000008dc00000)
 Metaspace       used 79663K, capacity 84266K, committed 84440K, reserved 1122304K
  class space    used 10901K, capacity 11720K, committed 11776K, reserved 1048576K
Event: 15.326 GC heap after
Heap after GC invocations=16 (full 3):
 PSYoungGen      total 240640K, used 24059K [0x00000000d5580000, 0x00000000e8180000, 0x0000000100000000)
  eden space 216576K, 0% used [0x00000000d5580000,0x00000000d5580000,0x00000000e2900000)
  from space 24064K, 99% used [0x00000000e2900000,0x00000000e407ecf0,0x00000000e4080000)
  to   space 29184K, 0% used [0x00000000e6500000,0x00000000e6500000,0x00000000e8180000)
 ParOldGen       total 225280K, used 42719K [0x0000000080000000, 0x000000008dc00000, 0x00000000d5580000)
  object space 225280K, 18% used [0x0000000080000000,0x00000000829b7f80,0x000000008dc00000)
 Metaspace       used 79663K, capacity 84266K, committed 84440K, reserved 1122304K
  class space    used 10901K, capacity 11720K, committed 11776K, reserved 1048576K
}
Event: 22.179 GC heap before
{Heap before GC invocations=17 (full 3):
 PSYoungGen      total 240640K, used 240635K [0x00000000d5580000, 0x00000000e8180000, 0x0000000100000000)
  eden space 216576K, 100% used [0x00000000d5580000,0x00000000e2900000,0x00000000e2900000)
  from space 24064K, 99% used [0x00000000e2900000,0x00000000e407ecf0,0x00000000e4080000)
  to   space 29184K, 0% used [0x00000000e6500000,0x00000000e6500000,0x00000000e8180000)
 ParOldGen       total 225280K, used 42719K [0x0000000080000000, 0x000000008dc00000, 0x00000000d5580000)
  object space 225280K, 18% used [0x0000000080000000,0x00000000829b7f80,0x000000008dc00000)
 Metaspace       used 88690K, capacity 93772K, committed 94040K, reserved 1130496K
  class space    used 11938K, capacity 12915K, committed 12928K, reserved 1048576K
Event: 22.210 GC heap after
Heap after GC invocations=17 (full 3):
 PSYoungGen      total 270336K, used 29170K [0x00000000d5580000, 0x00000000e8d00000, 0x0000000100000000)
  eden space 241152K, 0% used [0x00000000d5580000,0x00000000d5580000,0x00000000e4100000)
  from space 29184K, 99% used [0x00000000e6500000,0x00000000e817c8f8,0x00000000e8180000)
  to   space 36864K, 0% used [0x00000000e4100000,0x00000000e4100000,0x00000000e6500000)
 ParOldGen       total 225280K, used 52456K [0x0000000080000000, 0x000000008dc00000, 0x00000000d5580000)
  object space 225280K, 23% used [0x0000000080000000,0x000000008333a1c0,0x000000008dc00000)
 Metaspace       used 88690K, capacity 93772K, committed 94040K, reserved 1130496K
  class space    used 11938K, capacity 12915K, committed 12928K, reserved 1048576K
}
Event: 41.364 GC heap before
{Heap before GC invocations=18 (full 3):
 PSYoungGen      total 270336K, used 194409K [0x00000000d5580000, 0x00000000e8d00000, 0x0000000100000000)
  eden space 241152K, 68% used [0x00000000d5580000,0x00000000df6ddc38,0x00000000e4100000)
  from space 29184K, 99% used [0x00000000e6500000,0x00000000e817c8f8,0x00000000e8180000)
  to   space 36864K, 0% used [0x00000000e4100000,0x00000000e4100000,0x00000000e6500000)
 ParOldGen       total 225280K, used 52456K [0x0000000080000000, 0x000000008dc00000, 0x00000000d5580000)
  object space 225280K, 23% used [0x0000000080000000,0x000000008333a1c0,0x000000008dc00000)
 Metaspace       used 92643K, capacity 98212K, committed 98280K, reserved 1134592K
  class space    used 12533K, capacity 13584K, committed 13584K, reserved 1048576K
Event: 41.403 GC heap after
Heap after GC invocations=18 (full 3):
 PSYoungGen      total 278016K, used 30774K [0x00000000d5580000, 0x00000000ea900000, 0x0000000100000000)
  eden space 241152K, 0% used [0x00000000d5580000,0x00000000d5580000,0x00000000e4100000)
  from space 36864K, 83% used [0x00000000e4100000,0x00000000e5f0dbc0,0x00000000e6500000)
  to   space 39936K, 0% used [0x00000000e8200000,0x00000000e8200000,0x00000000ea900000)
 ParOldGen       total 225280K, used 64823K [0x0000000080000000, 0x000000008dc00000, 0x00000000d5580000)
  object space 225280K, 28% used [0x0000000080000000,0x0000000083f4dd20,0x000000008dc00000)
 Metaspace       used 92643K, capacity 98212K, committed 98280K, reserved 1134592K
  class space    used 12533K, capacity 13584K, committed 13584K, reserved 1048576K
}
Event: 41.403 GC heap before
{Heap before GC invocations=19 (full 4):
 PSYoungGen      total 278016K, used 30774K [0x00000000d5580000, 0x00000000ea900000, 0x0000000100000000)
  eden space 241152K, 0% used [0x00000000d5580000,0x00000000d5580000,0x00000000e4100000)
  from space 36864K, 83% used [0x00000000e4100000,0x00000000e5f0dbc0,0x00000000e6500000)
  to   space 39936K, 0% used [0x00000000e8200000,0x00000000e8200000,0x00000000ea900000)
 ParOldGen       total 225280K, used 64823K [0x0000000080000000, 0x000000008dc00000, 0x00000000d5580000)
  object space 225280K, 28% used [0x0000000080000000,0x0000000083f4dd20,0x000000008dc00000)
 Metaspace       used 92643K, capacity 98212K, committed 98280K, reserved 1134592K
  class space    used 12533K, capacity 13584K, committed 13584K, reserved 1048576K
Event: 41.643 GC heap after
Heap after GC invocations=19 (full 4):
 PSYoungGen      total 278016K, used 0K [0x00000000d5580000, 0x00000000ea900000, 0x0000000100000000)
  eden space 241152K, 0% used [0x00000000d5580000,0x00000000d5580000,0x00000000e4100000)
  from space 36864K, 0% used [0x00000000e4100000,0x00000000e4100000,0x00000000e6500000)
  to   space 39936K, 0% used [0x00000000e8200000,0x00000000e8200000,0x00000000ea900000)
 ParOldGen       total 225280K, used 68350K [0x0000000080000000, 0x000000008dc00000, 0x00000000d5580000)
  object space 225280K, 30% used [0x0000000080000000,0x00000000842bf8b0,0x000000008dc00000)
 Metaspace       used 92227K, capacity 96984K, committed 98280K, reserved 1134592K
  class space    used 12398K, capacity 13344K, committed 13584K, reserved 1048576K
}

