# JRE version: OpenJDK Runtime Environment (8.0_242-b01) (build 1.8.0_242-release-1644-b01)
# Java VM: OpenJDK 64-Bit Server VM (25.242-b01 mixed mode windows-amd64 compressed oops)
Heap:
 PSYoungGen      total 265728K, used 50334K [0x00000000d5580000, 0x00000000e8600000, 0x0000000100000000)
  eden space 226816K, 7% used [0x00000000d5580000,0x00000000d66ab788,0x00000000e3300000)
  from space 38912K, 84% used [0x00000000e6000000,0x00000000e7ffc1e8,0x00000000e8600000)
  to   space 38912K, 0% used [0x00000000e3300000,0x00000000e3300000,0x00000000e5900000)
 ParOldGen       total 353792K, used 66090K [0x0000000080000000, 0x0000000095980000, 0x00000000d5580000)
  object space 353792K, 18% used [0x0000000080000000,0x000000008408aae0,0x0000000095980000)
 Metaspace       used 110187K, capacity 116400K, committed 116520K, reserved 1150976K
  class space    used 14652K, capacity 15868K, committed 15928K, reserved 1048576K
GC Heap History (10 events):
Event: 1427.555 GC heap before
{Heap before GC invocations=20 (full 4):
 PSYoungGen      total 229888K, used 204288K [0x00000000d5580000, 0x00000000e5e00000, 0x0000000100000000)
  eden space 204288K, 100% used [0x00000000d5580000,0x00000000e1d00000,0x00000000e1d00000)
  from space 25600K, 0% used [0x00000000e3580000,0x00000000e3580000,0x00000000e4e80000)
  to   space 15872K, 0% used [0x00000000e4e80000,0x00000000e4e80000,0x00000000e5e00000)
 ParOldGen       total 353792K, used 62376K [0x0000000080000000, 0x0000000095980000, 0x00000000d5580000)
  object space 353792K, 17% used [0x0000000080000000,0x0000000083cea298,0x0000000095980000)
 Metaspace       used 97043K, capacity 102410K, committed 102568K, reserved 1138688K
  class space    used 13118K, capacity 14137K, committed 14264K, reserved 1048576K
Event: 1427.565 GC heap after
Heap after GC invocations=20 (full 4):
 PSYoungGen      total 238080K, used 11646K [0x00000000d5580000, 0x00000000e6d80000, 0x0000000100000000)
  eden space 222208K, 0% used [0x00000000d5580000,0x00000000d5580000,0x00000000e2e80000)
  from space 15872K, 73% used [0x00000000e4e80000,0x00000000e59dfa68,0x00000000e5e00000)
  to   space 32256K, 0% used [0x00000000e2e80000,0x00000000e2e80000,0x00000000e4e00000)
 ParOldGen       total 353792K, used 62384K [0x0000000080000000, 0x0000000095980000, 0x00000000d5580000)
  object space 353792K, 17% used [0x0000000080000000,0x0000000083cec298,0x0000000095980000)
 Metaspace       used 97043K, capacity 102410K, committed 102568K, reserved 1138688K
  class space    used 13118K, capacity 14137K, committed 14264K, reserved 1048576K
}
Event: 1559.021 GC heap before
{Heap before GC invocations=21 (full 4):
 PSYoungGen      total 238080K, used 233854K [0x00000000d5580000, 0x00000000e6d80000, 0x0000000100000000)
  eden space 222208K, 100% used [0x00000000d5580000,0x00000000e2e80000,0x00000000e2e80000)
  from space 15872K, 73% used [0x00000000e4e80000,0x00000000e59dfa68,0x00000000e5e00000)
  to   space 32256K, 0% used [0x00000000e2e80000,0x00000000e2e80000,0x00000000e4e00000)
 ParOldGen       total 353792K, used 62384K [0x0000000080000000, 0x0000000095980000, 0x00000000d5580000)
  object space 353792K, 17% used [0x0000000080000000,0x0000000083cec298,0x0000000095980000)
 Metaspace       used 102196K, capacity 107926K, committed 108200K, reserved 1142784K
  class space    used 13799K, capacity 14935K, committed 15032K, reserved 1048576K
Event: 1559.033 GC heap after
Heap after GC invocations=21 (full 4):
 PSYoungGen      total 254464K, used 22483K [0x00000000d5580000, 0x00000000e7980000, 0x0000000100000000)
  eden space 222208K, 0% used [0x00000000d5580000,0x00000000d5580000,0x00000000e2e80000)
  from space 32256K, 69% used [0x00000000e2e80000,0x00000000e4474e48,0x00000000e4e00000)
  to   space 33280K, 0% used [0x00000000e5900000,0x00000000e5900000,0x00000000e7980000)
 ParOldGen       total 353792K, used 62392K [0x0000000080000000, 0x0000000095980000, 0x00000000d5580000)
  object space 353792K, 17% used [0x0000000080000000,0x0000000083cee298,0x0000000095980000)
 Metaspace       used 102196K, capacity 107926K, committed 108200K, reserved 1142784K
  class space    used 13799K, capacity 14935K, committed 15032K, reserved 1048576K
}
Event: 1581.301 GC heap before
{Heap before GC invocations=22 (full 4):
 PSYoungGen      total 254464K, used 244691K [0x00000000d5580000, 0x00000000e7980000, 0x0000000100000000)
  eden space 222208K, 100% used [0x00000000d5580000,0x00000000e2e80000,0x00000000e2e80000)
  from space 32256K, 69% used [0x00000000e2e80000,0x00000000e4474e48,0x00000000e4e00000)
  to   space 33280K, 0% used [0x00000000e5900000,0x00000000e5900000,0x00000000e7980000)
 ParOldGen       total 353792K, used 62392K [0x0000000080000000, 0x0000000095980000, 0x00000000d5580000)
  object space 353792K, 17% used [0x0000000080000000,0x0000000083cee298,0x0000000095980000)
 Metaspace       used 108807K, capacity 114738K, committed 114856K, reserved 1148928K
  class space    used 14576K, capacity 15781K, committed 15800K, reserved 1048576K
Event: 1581.334 GC heap after
Heap after GC invocations=22 (full 4):
 PSYoungGen      total 260096K, used 33257K [0x00000000d5580000, 0x00000000e8300000, 0x0000000100000000)
  eden space 226816K, 0% used [0x00000000d5580000,0x00000000d5580000,0x00000000e3300000)
  from space 33280K, 99% used [0x00000000e5900000,0x00000000e797a4d8,0x00000000e7980000)
  to   space 38912K, 0% used [0x00000000e3300000,0x00000000e3300000,0x00000000e5900000)
 ParOldGen       total 353792K, used 66074K [0x0000000080000000, 0x0000000095980000, 0x00000000d5580000)
  object space 353792K, 18% used [0x0000000080000000,0x0000000084086ae0,0x0000000095980000)
 Metaspace       used 108807K, capacity 114738K, committed 114856K, reserved 1148928K
  class space    used 14576K, capacity 15781K, committed 15800K, reserved 1048576K
}
Event: 1802.583 GC heap before
{Heap before GC invocations=23 (full 4):
 PSYoungGen      total 260096K, used 260073K [0x00000000d5580000, 0x00000000e8300000, 0x0000000100000000)
  eden space 226816K, 100% used [0x00000000d5580000,0x00000000e3300000,0x00000000e3300000)
  from space 33280K, 99% used [0x00000000e5900000,0x00000000e797a4d8,0x00000000e7980000)
  to   space 38912K, 0% used [0x00000000e3300000,0x00000000e3300000,0x00000000e5900000)
 ParOldGen       total 353792K, used 66074K [0x0000000080000000, 0x0000000095980000, 0x00000000d5580000)
  object space 353792K, 18% used [0x0000000080000000,0x0000000084086ae0,0x0000000095980000)
 Metaspace       used 109631K, capacity 115750K, committed 116008K, reserved 1148928K
  class space    used 14609K, capacity 15811K, committed 15928K, reserved 1048576K
Event: 1802.601 GC heap after
Heap after GC invocations=23 (full 4):
 PSYoungGen      total 265728K, used 22615K [0x00000000d5580000, 0x00000000e8600000, 0x0000000100000000)
  eden space 226816K, 0% used [0x00000000d5580000,0x00000000d5580000,0x00000000e3300000)
  from space 38912K, 58% used [0x00000000e3300000,0x00000000e4915e18,0x00000000e5900000)
  to   space 38912K, 0% used [0x00000000e6000000,0x00000000e6000000,0x00000000e8600000)
 ParOldGen       total 353792K, used 66082K [0x0000000080000000, 0x0000000095980000, 0x00000000d5580000)
  object space 353792K, 18% used [0x0000000080000000,0x0000000084088ae0,0x0000000095980000)
 Metaspace       used 109631K, capacity 115750K, committed 116008K, reserved 1148928K
  class space    used 14609K, capacity 15811K, committed 15928K, reserved 1048576K
}
Event: 1817.291 GC heap before
{Heap before GC invocations=24 (full 4):
 PSYoungGen      total 265728K, used 249431K [0x00000000d5580000, 0x00000000e8600000, 0x0000000100000000)
  eden space 226816K, 100% used [0x00000000d5580000,0x00000000e3300000,0x00000000e3300000)
  from space 38912K, 58% used [0x00000000e3300000,0x00000000e4915e18,0x00000000e5900000)
  to   space 38912K, 0% used [0x00000000e6000000,0x00000000e6000000,0x00000000e8600000)
 ParOldGen       total 353792K, used 66082K [0x0000000080000000, 0x0000000095980000, 0x00000000d5580000)
  object space 353792K, 18% used [0x0000000080000000,0x0000000084088ae0,0x0000000095980000)
 Metaspace       used 110141K, capacity 116306K, committed 116520K, reserved 1150976K
  class space    used 14646K, capacity 15863K, committed 15928K, reserved 1048576K
Event: 1817.322 GC heap after
Heap after GC invocations=24 (full 4):
 PSYoungGen      total 265728K, used 32752K [0x00000000d5580000, 0x00000000e8600000, 0x0000000100000000)
  eden space 226816K, 0% used [0x00000000d5580000,0x00000000d5580000,0x00000000e3300000)
  from space 38912K, 84% used [0x00000000e6000000,0x00000000e7ffc1e8,0x00000000e8600000)
  to   space 38912K, 0% used [0x00000000e3300000,0x00000000e3300000,0x00000000e5900000)
 ParOldGen       total 353792K, used 66090K [0x0000000080000000, 0x0000000095980000, 0x00000000d5580000)
  object space 353792K, 18% used [0x0000000080000000,0x000000008408aae0,0x0000000095980000)
 Metaspace       used 110141K, capacity 116306K, committed 116520K, reserved 1150976K
  class space    used 14646K, capacity 15863K, committed 15928K, reserved 1048576K
}

