# JRE version: OpenJDK Runtime Environment (8.0_242-b01) (build 1.8.0_242-release-1644-b01)
# Java VM: OpenJDK 64-Bit Server VM (25.242-b01 mixed mode windows-amd64 compressed oops)
Heap:
 PSYoungGen      total 372224K, used 116358K [0x00000000d5580000, 0x00000000ee380000, 0x0000000100000000)
  eden space 347136K, 26% used [0x00000000d5580000,0x00000000daea35c8,0x00000000ea880000)
  from space 25088K, 99% used [0x00000000eca00000,0x00000000ee27e238,0x00000000ee280000)
  to   space 30208K, 0% used [0x00000000ea880000,0x00000000ea880000,0x00000000ec600000)
 ParOldGen       total 227840K, used 43478K [0x0000000080000000, 0x000000008de80000, 0x00000000d5580000)
  object space 227840K, 19% used [0x0000000080000000,0x0000000082a75838,0x000000008de80000)
 Metaspace       used 78104K, capacity 81796K, committed 82072K, reserved 1120256K
  class space    used 10424K, capacity 11064K, committed 11176K, reserved 1048576K
GC Heap History (10 events):
Event: 5.253 GC heap before
{Heap before GC invocations=9 (full 2):
 PSYoungGen      total 229376K, used 213504K [0x00000000d5580000, 0x00000000e4800000, 0x0000000100000000)
  eden space 213504K, 100% used [0x00000000d5580000,0x00000000e2600000,0x00000000e2600000)
  from space 15872K, 0% used [0x00000000e3500000,0x00000000e3500000,0x00000000e4480000)
  to   space 15360K, 0% used [0x00000000e2600000,0x00000000e2600000,0x00000000e3500000)
 ParOldGen       total 147968K, used 15229K [0x0000000080000000, 0x0000000089080000, 0x00000000d5580000)
  object space 147968K, 10% used [0x0000000080000000,0x0000000080edf4f0,0x0000000089080000)
 Metaspace       used 44492K, capacity 46334K, committed 46632K, reserved 1089536K
  class space    used 6031K, capacity 6393K, committed 6440K, reserved 1048576K
Event: 5.267 GC heap after
Heap after GC invocations=9 (full 2):
 PSYoungGen      total 228864K, used 14703K [0x00000000d5580000, 0x00000000ea780000, 0x0000000100000000)
  eden space 213504K, 0% used [0x00000000d5580000,0x00000000d5580000,0x00000000e2600000)
  from space 15360K, 95% used [0x00000000e2600000,0x00000000e345bf20,0x00000000e3500000)
  to   space 16896K, 0% used [0x00000000e9700000,0x00000000e9700000,0x00000000ea780000)
 ParOldGen       total 147968K, used 15237K [0x0000000080000000, 0x0000000089080000, 0x00000000d5580000)
  object space 147968K, 10% used [0x0000000080000000,0x0000000080ee14f0,0x0000000089080000)
 Metaspace       used 44492K, capacity 46334K, committed 46632K, reserved 1089536K
  class space    used 6031K, capacity 6393K, committed 6440K, reserved 1048576K
}
Event: 7.231 GC heap before
{Heap before GC invocations=10 (full 2):
 PSYoungGen      total 228864K, used 169099K [0x00000000d5580000, 0x00000000ea780000, 0x0000000100000000)
  eden space 213504K, 72% used [0x00000000d5580000,0x00000000dec470b0,0x00000000e2600000)
  from space 15360K, 95% used [0x00000000e2600000,0x00000000e345bf20,0x00000000e3500000)
  to   space 16896K, 0% used [0x00000000e9700000,0x00000000e9700000,0x00000000ea780000)
 ParOldGen       total 147968K, used 15237K [0x0000000080000000, 0x0000000089080000, 0x00000000d5580000)
  object space 147968K, 10% used [0x0000000080000000,0x0000000080ee14f0,0x0000000089080000)
 Metaspace       used 56804K, capacity 59052K, committed 59160K, reserved 1099776K
  class space    used 7682K, capacity 8159K, committed 8232K, reserved 1048576K
Event: 7.257 GC heap after
Heap after GC invocations=10 (full 2):
 PSYoungGen      total 323072K, used 16868K [0x00000000d5580000, 0x00000000eaf00000, 0x0000000100000000)
  eden space 306176K, 0% used [0x00000000d5580000,0x00000000d5580000,0x00000000e8080000)
  from space 16896K, 99% used [0x00000000e9700000,0x00000000ea779310,0x00000000ea780000)
  to   space 23040K, 0% used [0x00000000e8080000,0x00000000e8080000,0x00000000e9700000)
 ParOldGen       total 147968K, used 24448K [0x0000000080000000, 0x0000000089080000, 0x00000000d5580000)
  object space 147968K, 16% used [0x0000000080000000,0x00000000817e0108,0x0000000089080000)
 Metaspace       used 56804K, capacity 59052K, committed 59160K, reserved 1099776K
  class space    used 7682K, capacity 8159K, committed 8232K, reserved 1048576K
}
Event: 7.257 GC heap before
{Heap before GC invocations=11 (full 3):
 PSYoungGen      total 323072K, used 16868K [0x00000000d5580000, 0x00000000eaf00000, 0x0000000100000000)
  eden space 306176K, 0% used [0x00000000d5580000,0x00000000d5580000,0x00000000e8080000)
  from space 16896K, 99% used [0x00000000e9700000,0x00000000ea779310,0x00000000ea780000)
  to   space 23040K, 0% used [0x00000000e8080000,0x00000000e8080000,0x00000000e9700000)
 ParOldGen       total 147968K, used 24448K [0x0000000080000000, 0x0000000089080000, 0x00000000d5580000)
  object space 147968K, 16% used [0x0000000080000000,0x00000000817e0108,0x0000000089080000)
 Metaspace       used 56804K, capacity 59052K, committed 59160K, reserved 1099776K
  class space    used 7682K, capacity 8159K, committed 8232K, reserved 1048576K
Event: 7.523 GC heap after
Heap after GC invocations=11 (full 3):
 PSYoungGen      total 323072K, used 0K [0x00000000d5580000, 0x00000000eaf00000, 0x0000000100000000)
  eden space 306176K, 0% used [0x00000000d5580000,0x00000000d5580000,0x00000000e8080000)
  from space 16896K, 0% used [0x00000000e9700000,0x00000000e9700000,0x00000000ea780000)
  to   space 23040K, 0% used [0x00000000e8080000,0x00000000e8080000,0x00000000e9700000)
 ParOldGen       total 227840K, used 38545K [0x0000000080000000, 0x000000008de80000, 0x00000000d5580000)
  object space 227840K, 16% used [0x0000000080000000,0x00000000825a47f8,0x000000008de80000)
 Metaspace       used 56765K, capacity 58920K, committed 59160K, reserved 1099776K
  class space    used 7670K, capacity 8137K, committed 8232K, reserved 1048576K
}
Event: 11.506 GC heap before
{Heap before GC invocations=12 (full 3):
 PSYoungGen      total 323072K, used 306176K [0x00000000d5580000, 0x00000000eaf00000, 0x0000000100000000)
  eden space 306176K, 100% used [0x00000000d5580000,0x00000000e8080000,0x00000000e8080000)
  from space 16896K, 0% used [0x00000000e9700000,0x00000000e9700000,0x00000000ea780000)
  to   space 23040K, 0% used [0x00000000e8080000,0x00000000e8080000,0x00000000e9700000)
 ParOldGen       total 227840K, used 38545K [0x0000000080000000, 0x000000008de80000, 0x00000000d5580000)
  object space 227840K, 16% used [0x0000000080000000,0x00000000825a47f8,0x000000008de80000)
 Metaspace       used 66823K, capacity 70018K, committed 70296K, reserved 1110016K
  class space    used 9170K, capacity 9770K, committed 9896K, reserved 1048576K
Event: 11.523 GC heap after
Heap after GC invocations=12 (full 3):
 PSYoungGen      total 329216K, used 19146K [0x00000000d5580000, 0x00000000ee280000, 0x0000000100000000)
  eden space 306176K, 0% used [0x00000000d5580000,0x00000000d5580000,0x00000000e8080000)
  from space 23040K, 83% used [0x00000000e8080000,0x00000000e9332978,0x00000000e9700000)
  to   space 25088K, 0% used [0x00000000eca00000,0x00000000eca00000,0x00000000ee280000)
 ParOldGen       total 227840K, used 38553K [0x0000000080000000, 0x000000008de80000, 0x00000000d5580000)
  object space 227840K, 16% used [0x0000000080000000,0x00000000825a67f8,0x000000008de80000)
 Metaspace       used 66823K, capacity 70018K, committed 70296K, reserved 1110016K
  class space    used 9170K, capacity 9770K, committed 9896K, reserved 1048576K
}
Event: 32.910 GC heap before
{Heap before GC invocations=13 (full 3):
 PSYoungGen      total 329216K, used 325322K [0x00000000d5580000, 0x00000000ee280000, 0x0000000100000000)
  eden space 306176K, 100% used [0x00000000d5580000,0x00000000e8080000,0x00000000e8080000)
  from space 23040K, 83% used [0x00000000e8080000,0x00000000e9332978,0x00000000e9700000)
  to   space 25088K, 0% used [0x00000000eca00000,0x00000000eca00000,0x00000000ee280000)
 ParOldGen       total 227840K, used 38553K [0x0000000080000000, 0x000000008de80000, 0x00000000d5580000)
  object space 227840K, 16% used [0x0000000080000000,0x00000000825a67f8,0x000000008de80000)
 Metaspace       used 76709K, capacity 80276K, committed 80280K, reserved 1118208K
  class space    used 10277K, capacity 10918K, committed 10920K, reserved 1048576K
Event: 32.930 GC heap after
Heap after GC invocations=13 (full 3):
 PSYoungGen      total 372224K, used 25080K [0x00000000d5580000, 0x00000000ee380000, 0x0000000100000000)
  eden space 347136K, 0% used [0x00000000d5580000,0x00000000d5580000,0x00000000ea880000)
  from space 25088K, 99% used [0x00000000eca00000,0x00000000ee27e238,0x00000000ee280000)
  to   space 30208K, 0% used [0x00000000ea880000,0x00000000ea880000,0x00000000ec600000)
 ParOldGen       total 227840K, used 43478K [0x0000000080000000, 0x000000008de80000, 0x00000000d5580000)
  object space 227840K, 19% used [0x0000000080000000,0x0000000082a75838,0x000000008de80000)
 Metaspace       used 76709K, capacity 80276K, committed 80280K, reserved 1118208K
  class space    used 10277K, capacity 10918K, committed 10920K, reserved 1048576K
}

