# JRE version: OpenJDK Runtime Environment (8.0_242-b01) (build 1.8.0_242-release-1644-b01)
# Java VM: OpenJDK 64-Bit Server VM (25.242-b01 mixed mode windows-amd64 compressed oops)
Heap:
 PSYoungGen      total 239104K, used 160629K [0x00000000d5580000, 0x00000000e8100000, 0x0000000100000000)
  eden space 216576K, 63% used [0x00000000d5580000,0x00000000ddc61240,0x00000000e2900000)
  from space 22528K, 99% used [0x00000000e2900000,0x00000000e3efc590,0x00000000e3f00000)
  to   space 30208K, 0% used [0x00000000e6380000,0x00000000e6380000,0x00000000e8100000)
 ParOldGen       total 223232K, used 46373K [0x0000000080000000, 0x000000008da00000, 0x00000000d5580000)
  object space 223232K, 20% used [0x0000000080000000,0x0000000082d496d0,0x000000008da00000)
 Metaspace       used 86619K, capacity 91298K, committed 91544K, reserved 1128448K
  class space    used 11775K, capacity 12620K, committed 12712K, reserved 1048576K
GC Heap History (10 events):
Event: 7.377 GC heap before
{Heap before GC invocations=12 (full 2):
 PSYoungGen      total 189440K, used 69578K [0x00000000d5580000, 0x00000000e3480000, 0x0000000100000000)
  eden space 177664K, 32% used [0x00000000d5580000,0x00000000d8df3548,0x00000000e0300000)
  from space 11776K, 99% used [0x00000000e0300000,0x00000000e0e7f300,0x00000000e0e80000)
  to   space 17408K, 0% used [0x00000000e2380000,0x00000000e2380000,0x00000000e3480000)
 ParOldGen       total 145408K, used 27451K [0x0000000080000000, 0x0000000088e00000, 0x00000000d5580000)
  object space 145408K, 18% used [0x0000000080000000,0x0000000081aceee8,0x0000000088e00000)
 Metaspace       used 56742K, capacity 59088K, committed 59160K, reserved 1099776K
  class space    used 7673K, capacity 8165K, committed 8232K, reserved 1048576K
Event: 7.393 GC heap after
Heap after GC invocations=12 (full 2):
 PSYoungGen      total 207872K, used 17399K [0x00000000d5580000, 0x00000000e5b80000, 0x0000000100000000)
  eden space 190464K, 0% used [0x00000000d5580000,0x00000000d5580000,0x00000000e0f80000)
  from space 17408K, 99% used [0x00000000e2380000,0x00000000e347dda0,0x00000000e3480000)
  to   space 20480K, 0% used [0x00000000e0f80000,0x00000000e0f80000,0x00000000e2380000)
 ParOldGen       total 145408K, used 29262K [0x0000000080000000, 0x0000000088e00000, 0x00000000d5580000)
  object space 145408K, 20% used [0x0000000080000000,0x0000000081c93890,0x0000000088e00000)
 Metaspace       used 56742K, capacity 59088K, committed 59160K, reserved 1099776K
  class space    used 7673K, capacity 8165K, committed 8232K, reserved 1048576K
}
Event: 7.393 GC heap before
{Heap before GC invocations=13 (full 3):
 PSYoungGen      total 207872K, used 17399K [0x00000000d5580000, 0x00000000e5b80000, 0x0000000100000000)
  eden space 190464K, 0% used [0x00000000d5580000,0x00000000d5580000,0x00000000e0f80000)
  from space 17408K, 99% used [0x00000000e2380000,0x00000000e347dda0,0x00000000e3480000)
  to   space 20480K, 0% used [0x00000000e0f80000,0x00000000e0f80000,0x00000000e2380000)
 ParOldGen       total 145408K, used 29262K [0x0000000080000000, 0x0000000088e00000, 0x00000000d5580000)
  object space 145408K, 20% used [0x0000000080000000,0x0000000081c93890,0x0000000088e00000)
 Metaspace       used 56742K, capacity 59088K, committed 59160K, reserved 1099776K
  class space    used 7673K, capacity 8165K, committed 8232K, reserved 1048576K
Event: 7.660 GC heap after
Heap after GC invocations=13 (full 3):
 PSYoungGen      total 207872K, used 0K [0x00000000d5580000, 0x00000000e5b80000, 0x0000000100000000)
  eden space 190464K, 0% used [0x00000000d5580000,0x00000000d5580000,0x00000000e0f80000)
  from space 17408K, 0% used [0x00000000e2380000,0x00000000e2380000,0x00000000e3480000)
  to   space 20480K, 0% used [0x00000000e0f80000,0x00000000e0f80000,0x00000000e2380000)
 ParOldGen       total 223232K, used 33424K [0x0000000080000000, 0x000000008da00000, 0x00000000d5580000)
  object space 223232K, 14% used [0x0000000080000000,0x00000000820a4050,0x000000008da00000)
 Metaspace       used 56692K, capacity 58920K, committed 59160K, reserved 1099776K
  class space    used 7658K, capacity 8137K, committed 8232K, reserved 1048576K
}
Event: 10.204 GC heap before
{Heap before GC invocations=14 (full 3):
 PSYoungGen      total 207872K, used 190464K [0x00000000d5580000, 0x00000000e5b80000, 0x0000000100000000)
  eden space 190464K, 100% used [0x00000000d5580000,0x00000000e0f80000,0x00000000e0f80000)
  from space 17408K, 0% used [0x00000000e2380000,0x00000000e2380000,0x00000000e3480000)
  to   space 20480K, 0% used [0x00000000e0f80000,0x00000000e0f80000,0x00000000e2380000)
 ParOldGen       total 223232K, used 33424K [0x0000000080000000, 0x000000008da00000, 0x00000000d5580000)
  object space 223232K, 14% used [0x0000000080000000,0x00000000820a4050,0x000000008da00000)
 Metaspace       used 62588K, capacity 64960K, committed 65176K, reserved 1105920K
  class space    used 8566K, capacity 9061K, committed 9128K, reserved 1048576K
Event: 10.209 GC heap after
Heap after GC invocations=14 (full 3):
 PSYoungGen      total 210944K, used 8433K [0x00000000d5580000, 0x00000000e5280000, 0x0000000100000000)
  eden space 190464K, 0% used [0x00000000d5580000,0x00000000d5580000,0x00000000e0f80000)
  from space 20480K, 41% used [0x00000000e0f80000,0x00000000e17bc580,0x00000000e2380000)
  to   space 19968K, 0% used [0x00000000e3f00000,0x00000000e3f00000,0x00000000e5280000)
 ParOldGen       total 223232K, used 33432K [0x0000000080000000, 0x000000008da00000, 0x00000000d5580000)
  object space 223232K, 14% used [0x0000000080000000,0x00000000820a6050,0x000000008da00000)
 Metaspace       used 62588K, capacity 64960K, committed 65176K, reserved 1105920K
  class space    used 8566K, capacity 9061K, committed 9128K, reserved 1048576K
}
Event: 11.878 GC heap before
{Heap before GC invocations=15 (full 3):
 PSYoungGen      total 210944K, used 198897K [0x00000000d5580000, 0x00000000e5280000, 0x0000000100000000)
  eden space 190464K, 100% used [0x00000000d5580000,0x00000000e0f80000,0x00000000e0f80000)
  from space 20480K, 41% used [0x00000000e0f80000,0x00000000e17bc580,0x00000000e2380000)
  to   space 19968K, 0% used [0x00000000e3f00000,0x00000000e3f00000,0x00000000e5280000)
 ParOldGen       total 223232K, used 33432K [0x0000000080000000, 0x000000008da00000, 0x00000000d5580000)
  object space 223232K, 14% used [0x0000000080000000,0x00000000820a6050,0x000000008da00000)
 Metaspace       used 69422K, capacity 72648K, committed 72856K, reserved 1112064K
  class space    used 9516K, capacity 10107K, committed 10152K, reserved 1048576K
Event: 11.892 GC heap after
Heap after GC invocations=15 (full 3):
 PSYoungGen      total 236544K, used 19955K [0x00000000d5580000, 0x00000000e5500000, 0x0000000100000000)
  eden space 216576K, 0% used [0x00000000d5580000,0x00000000d5580000,0x00000000e2900000)
  from space 19968K, 99% used [0x00000000e3f00000,0x00000000e527ce58,0x00000000e5280000)
  to   space 22528K, 0% used [0x00000000e2900000,0x00000000e2900000,0x00000000e3f00000)
 ParOldGen       total 223232K, used 33677K [0x0000000080000000, 0x000000008da00000, 0x00000000d5580000)
  object space 223232K, 15% used [0x0000000080000000,0x00000000820e3510,0x000000008da00000)
 Metaspace       used 69422K, capacity 72648K, committed 72856K, reserved 1112064K
  class space    used 9516K, capacity 10107K, committed 10152K, reserved 1048576K
}
Event: 14.054 GC heap before
{Heap before GC invocations=16 (full 3):
 PSYoungGen      total 236544K, used 236531K [0x00000000d5580000, 0x00000000e5500000, 0x0000000100000000)
  eden space 216576K, 100% used [0x00000000d5580000,0x00000000e2900000,0x00000000e2900000)
  from space 19968K, 99% used [0x00000000e3f00000,0x00000000e527ce58,0x00000000e5280000)
  to   space 22528K, 0% used [0x00000000e2900000,0x00000000e2900000,0x00000000e3f00000)
 ParOldGen       total 223232K, used 33677K [0x0000000080000000, 0x000000008da00000, 0x00000000d5580000)
  object space 223232K, 15% used [0x0000000080000000,0x00000000820e3510,0x000000008da00000)
 Metaspace       used 83521K, capacity 88230K, committed 88600K, reserved 1126400K
  class space    used 11606K, capacity 12464K, committed 12584K, reserved 1048576K
Event: 14.081 GC heap after
Heap after GC invocations=16 (full 3):
 PSYoungGen      total 239104K, used 22513K [0x00000000d5580000, 0x00000000e8100000, 0x0000000100000000)
  eden space 216576K, 0% used [0x00000000d5580000,0x00000000d5580000,0x00000000e2900000)
  from space 22528K, 99% used [0x00000000e2900000,0x00000000e3efc590,0x00000000e3f00000)
  to   space 30208K, 0% used [0x00000000e6380000,0x00000000e6380000,0x00000000e8100000)
 ParOldGen       total 223232K, used 46373K [0x0000000080000000, 0x000000008da00000, 0x00000000d5580000)
  object space 223232K, 20% used [0x0000000080000000,0x0000000082d496d0,0x000000008da00000)
 Metaspace       used 83521K, capacity 88230K, committed 88600K, reserved 1126400K
  class space    used 11606K, capacity 12464K, committed 12584K, reserved 1048576K
}

