# JRE version: OpenJDK Runtime Environment (8.0_242-b01) (build 1.8.0_242-release-1644-b01)
# Java VM: OpenJDK 64-Bit Server VM (25.242-b01 mixed mode windows-amd64 compressed oops)
Heap:
 PSYoungGen      total 235008K, used 175777K [0x00000000d5580000, 0x00000000e5300000, 0x0000000100000000)
  eden space 215552K, 72% used [0x00000000d5580000,0x00000000dee3c320,0x00000000e2800000)
  from space 19456K, 99% used [0x00000000e3d80000,0x00000000e506c348,0x00000000e5080000)
  to   space 22016K, 0% used [0x00000000e2800000,0x00000000e2800000,0x00000000e3d80000)
 ParOldGen       total 224256K, used 33509K [0x0000000080000000, 0x000000008db00000, 0x00000000d5580000)
  object space 224256K, 14% used [0x0000000080000000,0x00000000820b95c8,0x000000008db00000)
 Metaspace       used 75065K, capacity 78778K, committed 79128K, reserved 1118208K
  class space    used 10287K, capacity 10977K, committed 11048K, reserved 1048576K
GC Heap History (10 events):
Event: 5.720 GC heap before
{Heap before GC invocations=11 (full 2):
 PSYoungGen      total 160768K, used 160574K [0x00000000d5580000, 0x00000000e1800000, 0x0000000100000000)
  eden space 153088K, 100% used [0x00000000d5580000,0x00000000deb00000,0x00000000deb00000)
  from space 7680K, 97% used [0x00000000e1080000,0x00000000e17cf9f8,0x00000000e1800000)
  to   space 11776K, 0% used [0x00000000e0100000,0x00000000e0100000,0x00000000e0c80000)
 ParOldGen       total 146432K, used 15122K [0x0000000080000000, 0x0000000088f00000, 0x00000000d5580000)
  object space 146432K, 10% used [0x0000000080000000,0x0000000080ec49b0,0x0000000088f00000)
 Metaspace       used 52487K, capacity 54510K, committed 54824K, reserved 1097728K
  class space    used 6975K, capacity 7397K, committed 7464K, reserved 1048576K
Event: 5.733 GC heap after
Heap after GC invocations=11 (full 2):
 PSYoungGen      total 187392K, used 11748K [0x00000000d5580000, 0x00000000e3280000, 0x0000000100000000)
  eden space 175616K, 0% used [0x00000000d5580000,0x00000000d5580000,0x00000000e0100000)
  from space 11776K, 99% used [0x00000000e0100000,0x00000000e0c79310,0x00000000e0c80000)
  to   space 17408K, 0% used [0x00000000e2180000,0x00000000e2180000,0x00000000e3280000)
 ParOldGen       total 146432K, used 27184K [0x0000000080000000, 0x0000000088f00000, 0x00000000d5580000)
  object space 146432K, 18% used [0x0000000080000000,0x0000000081a8c2e8,0x0000000088f00000)
 Metaspace       used 52487K, capacity 54510K, committed 54824K, reserved 1097728K
  class space    used 6975K, capacity 7397K, committed 7464K, reserved 1048576K
}
Event: 6.239 GC heap before
{Heap before GC invocations=12 (full 2):
 PSYoungGen      total 187392K, used 75796K [0x00000000d5580000, 0x00000000e3280000, 0x0000000100000000)
  eden space 175616K, 36% used [0x00000000d5580000,0x00000000d940be88,0x00000000e0100000)
  from space 11776K, 99% used [0x00000000e0100000,0x00000000e0c79310,0x00000000e0c80000)
  to   space 17408K, 0% used [0x00000000e2180000,0x00000000e2180000,0x00000000e3280000)
 ParOldGen       total 146432K, used 27184K [0x0000000080000000, 0x0000000088f00000, 0x00000000d5580000)
  object space 146432K, 18% used [0x0000000080000000,0x0000000081a8c2e8,0x0000000088f00000)
 Metaspace       used 56735K, capacity 59076K, committed 59160K, reserved 1099776K
  class space    used 7673K, capacity 8163K, committed 8232K, reserved 1048576K
Event: 6.252 GC heap after
Heap after GC invocations=12 (full 2):
 PSYoungGen      total 205824K, used 17394K [0x00000000d5580000, 0x00000000e5700000, 0x0000000100000000)
  eden space 188416K, 0% used [0x00000000d5580000,0x00000000d5580000,0x00000000e0d80000)
  from space 17408K, 99% used [0x00000000e2180000,0x00000000e327ca90,0x00000000e3280000)
  to   space 20480K, 0% used [0x00000000e0d80000,0x00000000e0d80000,0x00000000e2180000)
 ParOldGen       total 146432K, used 29229K [0x0000000080000000, 0x0000000088f00000, 0x00000000d5580000)
  object space 146432K, 19% used [0x0000000080000000,0x0000000081c8b460,0x0000000088f00000)
 Metaspace       used 56735K, capacity 59076K, committed 59160K, reserved 1099776K
  class space    used 7673K, capacity 8163K, committed 8232K, reserved 1048576K
}
Event: 6.252 GC heap before
{Heap before GC invocations=13 (full 3):
 PSYoungGen      total 205824K, used 17394K [0x00000000d5580000, 0x00000000e5700000, 0x0000000100000000)
  eden space 188416K, 0% used [0x00000000d5580000,0x00000000d5580000,0x00000000e0d80000)
  from space 17408K, 99% used [0x00000000e2180000,0x00000000e327ca90,0x00000000e3280000)
  to   space 20480K, 0% used [0x00000000e0d80000,0x00000000e0d80000,0x00000000e2180000)
 ParOldGen       total 146432K, used 29229K [0x0000000080000000, 0x0000000088f00000, 0x00000000d5580000)
  object space 146432K, 19% used [0x0000000080000000,0x0000000081c8b460,0x0000000088f00000)
 Metaspace       used 56735K, capacity 59076K, committed 59160K, reserved 1099776K
  class space    used 7673K, capacity 8163K, committed 8232K, reserved 1048576K
Event: 6.444 GC heap after
Heap after GC invocations=13 (full 3):
 PSYoungGen      total 205824K, used 0K [0x00000000d5580000, 0x00000000e5700000, 0x0000000100000000)
  eden space 188416K, 0% used [0x00000000d5580000,0x00000000d5580000,0x00000000e0d80000)
  from space 17408K, 0% used [0x00000000e2180000,0x00000000e2180000,0x00000000e3280000)
  to   space 20480K, 0% used [0x00000000e0d80000,0x00000000e0d80000,0x00000000e2180000)
 ParOldGen       total 224256K, used 33493K [0x0000000080000000, 0x000000008db00000, 0x00000000d5580000)
  object space 224256K, 14% used [0x0000000080000000,0x00000000820b55c8,0x000000008db00000)
 Metaspace       used 56689K, capacity 58920K, committed 59160K, reserved 1099776K
  class space    used 7659K, capacity 8137K, committed 8232K, reserved 1048576K
}
Event: 8.906 GC heap before
{Heap before GC invocations=14 (full 3):
 PSYoungGen      total 205824K, used 188416K [0x00000000d5580000, 0x00000000e5700000, 0x0000000100000000)
  eden space 188416K, 100% used [0x00000000d5580000,0x00000000e0d80000,0x00000000e0d80000)
  from space 17408K, 0% used [0x00000000e2180000,0x00000000e2180000,0x00000000e3280000)
  to   space 20480K, 0% used [0x00000000e0d80000,0x00000000e0d80000,0x00000000e2180000)
 ParOldGen       total 224256K, used 33493K [0x0000000080000000, 0x000000008db00000, 0x00000000d5580000)
  object space 224256K, 14% used [0x0000000080000000,0x00000000820b55c8,0x000000008db00000)
 Metaspace       used 63379K, capacity 65936K, committed 66072K, reserved 1105920K
  class space    used 8686K, capacity 9173K, committed 9256K, reserved 1048576K
Event: 8.913 GC heap after
Heap after GC invocations=14 (full 3):
 PSYoungGen      total 208896K, used 10086K [0x00000000d5580000, 0x00000000e5080000, 0x0000000100000000)
  eden space 188416K, 0% used [0x00000000d5580000,0x00000000d5580000,0x00000000e0d80000)
  from space 20480K, 49% used [0x00000000e0d80000,0x00000000e17599b0,0x00000000e2180000)
  to   space 19456K, 0% used [0x00000000e3d80000,0x00000000e3d80000,0x00000000e5080000)
 ParOldGen       total 224256K, used 33501K [0x0000000080000000, 0x000000008db00000, 0x00000000d5580000)
  object space 224256K, 14% used [0x0000000080000000,0x00000000820b75c8,0x000000008db00000)
 Metaspace       used 63379K, capacity 65936K, committed 66072K, reserved 1105920K
  class space    used 8686K, capacity 9173K, committed 9256K, reserved 1048576K
}
Event: 10.622 GC heap before
{Heap before GC invocations=15 (full 3):
 PSYoungGen      total 208896K, used 198502K [0x00000000d5580000, 0x00000000e5080000, 0x0000000100000000)
  eden space 188416K, 100% used [0x00000000d5580000,0x00000000e0d80000,0x00000000e0d80000)
  from space 20480K, 49% used [0x00000000e0d80000,0x00000000e17599b0,0x00000000e2180000)
  to   space 19456K, 0% used [0x00000000e3d80000,0x00000000e3d80000,0x00000000e5080000)
 ParOldGen       total 224256K, used 33501K [0x0000000080000000, 0x000000008db00000, 0x00000000d5580000)
  object space 224256K, 14% used [0x0000000080000000,0x00000000820b75c8,0x000000008db00000)
 Metaspace       used 69122K, capacity 72440K, committed 72600K, reserved 1112064K
  class space    used 9497K, capacity 10105K, committed 10152K, reserved 1048576K
Event: 10.636 GC heap after
Heap after GC invocations=15 (full 3):
 PSYoungGen      total 235008K, used 19376K [0x00000000d5580000, 0x00000000e5300000, 0x0000000100000000)
  eden space 215552K, 0% used [0x00000000d5580000,0x00000000d5580000,0x00000000e2800000)
  from space 19456K, 99% used [0x00000000e3d80000,0x00000000e506c348,0x00000000e5080000)
  to   space 22016K, 0% used [0x00000000e2800000,0x00000000e2800000,0x00000000e3d80000)
 ParOldGen       total 224256K, used 33509K [0x0000000080000000, 0x000000008db00000, 0x00000000d5580000)
  object space 224256K, 14% used [0x0000000080000000,0x00000000820b95c8,0x000000008db00000)
 Metaspace       used 69122K, capacity 72440K, committed 72600K, reserved 1112064K
  class space    used 9497K, capacity 10105K, committed 10152K, reserved 1048576K
}

